<?xml version="1.0" encoding="UTF-8"?>
<!-- Generated by org.testng.reporters.JUnitXMLReporter -->
<testsuite hostname="Bogdan-PC" ignored="0" name="Test" tests="5" failures="0" timestamp="10 бер. 2019 19:58:39 GMT" time="2.202" errors="0">
  <testcase name="sendMailRest" time="1.374" classname="com.epam.lab.SendMailTest"/>
  <testcase name="getAllMailsTest" time="0.281" classname="com.epam.lab.GetAllMailsTest"/>
  <testcase name="deleteMailTest" time="0.156" classname="com.epam.lab.DeleteMailTest"/>
  <testcase name="getMailsByEmailTest" time="0.203" classname="com.epam.lab.GetMailsByEmailTest"/>
  <testcase name="getMailsBySubjectTest" time="0.157" classname="com.epam.lab.GetMailsBySubjectTest"/>
</testsuite> <!-- Test -->
