<?xml version="1.0" encoding="UTF-8"?>
<testng-results skipped="0" failed="0" ignored="0" total="5" passed="5">
  <reporter-output>
  </reporter-output>
  <suite name="Suite" duration-ms="2202" started-at="2019-03-10T19:58:37Z" finished-at="2019-03-10T19:58:39Z">
    <groups>
    </groups>
    <test name="Test" duration-ms="2202" started-at="2019-03-10T19:58:37Z" finished-at="2019-03-10T19:58:39Z">
      <class name="com.epam.lab.GetAllMailsTest">
        <test-method status="PASS" signature="getAllMailsTest()[pri:0, instance:com.epam.lab.GetAllMailsTest@604ed9f0]" name="getAllMailsTest" duration-ms="281" started-at="2019-03-10T21:58:38Z" finished-at="2019-03-10T21:58:38Z">
          <reporter-output>
          </reporter-output>
        </test-method> <!-- getAllMailsTest -->
      </class> <!-- com.epam.lab.GetAllMailsTest -->
      <class name="com.epam.lab.GetMailsByEmailTest">
        <test-method status="PASS" signature="getMailsByEmailTest()[pri:0, instance:com.epam.lab.GetMailsByEmailTest@685cb137]" name="getMailsByEmailTest" duration-ms="203" started-at="2019-03-10T21:58:38Z" finished-at="2019-03-10T21:58:39Z">
          <reporter-output>
          </reporter-output>
        </test-method> <!-- getMailsByEmailTest -->
      </class> <!-- com.epam.lab.GetMailsByEmailTest -->
      <class name="com.epam.lab.DeleteMailTest">
        <test-method status="PASS" signature="deleteMailTest()[pri:0, instance:com.epam.lab.DeleteMailTest@6a4f787b]" name="deleteMailTest" duration-ms="156" started-at="2019-03-10T21:58:38Z" finished-at="2019-03-10T21:58:38Z">
          <reporter-output>
          </reporter-output>
        </test-method> <!-- deleteMailTest -->
      </class> <!-- com.epam.lab.DeleteMailTest -->
      <class name="com.epam.lab.SendMailTest">
        <test-method status="PASS" signature="sendMailRest()[pri:0, instance:com.epam.lab.SendMailTest@5e3a8624]" name="sendMailRest" duration-ms="1374" started-at="2019-03-10T21:58:37Z" finished-at="2019-03-10T21:58:38Z">
          <reporter-output>
          </reporter-output>
        </test-method> <!-- sendMailRest -->
      </class> <!-- com.epam.lab.SendMailTest -->
      <class name="com.epam.lab.GetMailsBySubjectTest">
        <test-method status="PASS" signature="getMailsBySubjectTest()[pri:0, instance:com.epam.lab.GetMailsBySubjectTest@6a41eaa2]" name="getMailsBySubjectTest" duration-ms="157" started-at="2019-03-10T21:58:39Z" finished-at="2019-03-10T21:58:39Z">
          <reporter-output>
          </reporter-output>
        </test-method> <!-- getMailsBySubjectTest -->
      </class> <!-- com.epam.lab.GetMailsBySubjectTest -->
    </test> <!-- Test -->
  </suite> <!-- Suite -->
</testng-results>
